[17-Jun-2020 01:44:37 UTC] PHP Fatal error:  Uncaught RocketTheme\Toolbox\Compat\Yaml\Exception\ParseException: Unexpected characters near """ at line 41 (near "twitter_url: "#"""). in /home/aozfgkeb/public_html/drivingschoolnorbury.com/land/vendor/rockettheme/toolbox/Compat/src/Yaml/Inline.php:75
Stack trace:
#0 /home/aozfgkeb/public_html/drivingschoolnorbury.com/land/vendor/rockettheme/toolbox/Compat/src/Yaml/Parser.php(536): RocketTheme\Toolbox\Compat\Yaml\Inline::parse('"#""', false, false, false, Array)
#1 /home/aozfgkeb/public_html/drivingschoolnorbury.com/land/vendor/rockettheme/toolbox/Compat/src/Yaml/Parser.php(258): RocketTheme\Toolbox\Compat\Yaml\Parser->parseValue('"#""', false, false, false, 'mapping')
#2 /home/aozfgkeb/public_html/drivingschoolnorbury.com/land/vendor/rockettheme/toolbox/Compat/src/Yaml/Parser.php(320): RocketTheme\Toolbox\Compat\Yaml\Parser->doParse('#', false, false, false)
#3 /home/aozfgkeb/public_html/drivingschoolnorbury.com/land/vendor/rockettheme/toolbox/Compat/src/Yaml/Parser.php(246): RocketTheme\Toolbox\Compat\Yam in /home/aozfgkeb/public_html/drivingschoolnorbury.com/land/system/src/Grav/Common/File/CompiledFile.php on line 81
[17-Jun-2020 01:44:40 UTC] PHP Fatal error:  Uncaught RocketTheme\Toolbox\Compat\Yaml\Exception\ParseException: Unexpected characters near """ at line 41 (near "twitter_url: "#"""). in /home/aozfgkeb/public_html/drivingschoolnorbury.com/land/vendor/rockettheme/toolbox/Compat/src/Yaml/Inline.php:75
Stack trace:
#0 /home/aozfgkeb/public_html/drivingschoolnorbury.com/land/vendor/rockettheme/toolbox/Compat/src/Yaml/Parser.php(536): RocketTheme\Toolbox\Compat\Yaml\Inline::parse('"#""', false, false, false, Array)
#1 /home/aozfgkeb/public_html/drivingschoolnorbury.com/land/vendor/rockettheme/toolbox/Compat/src/Yaml/Parser.php(258): RocketTheme\Toolbox\Compat\Yaml\Parser->parseValue('"#""', false, false, false, 'mapping')
#2 /home/aozfgkeb/public_html/drivingschoolnorbury.com/land/vendor/rockettheme/toolbox/Compat/src/Yaml/Parser.php(320): RocketTheme\Toolbox\Compat\Yaml\Parser->doParse('#', false, false, false)
#3 /home/aozfgkeb/public_html/drivingschoolnorbury.com/land/vendor/rockettheme/toolbox/Compat/src/Yaml/Parser.php(246): RocketTheme\Toolbox\Compat\Yam in /home/aozfgkeb/public_html/drivingschoolnorbury.com/land/system/src/Grav/Common/File/CompiledFile.php on line 81
[17-Jun-2020 01:44:43 UTC] PHP Fatal error:  Uncaught RocketTheme\Toolbox\Compat\Yaml\Exception\ParseException: Unexpected characters near """ at line 41 (near "twitter_url: "#"""). in /home/aozfgkeb/public_html/drivingschoolnorbury.com/land/vendor/rockettheme/toolbox/Compat/src/Yaml/Inline.php:75
Stack trace:
#0 /home/aozfgkeb/public_html/drivingschoolnorbury.com/land/vendor/rockettheme/toolbox/Compat/src/Yaml/Parser.php(536): RocketTheme\Toolbox\Compat\Yaml\Inline::parse('"#""', false, false, false, Array)
#1 /home/aozfgkeb/public_html/drivingschoolnorbury.com/land/vendor/rockettheme/toolbox/Compat/src/Yaml/Parser.php(258): RocketTheme\Toolbox\Compat\Yaml\Parser->parseValue('"#""', false, false, false, 'mapping')
#2 /home/aozfgkeb/public_html/drivingschoolnorbury.com/land/vendor/rockettheme/toolbox/Compat/src/Yaml/Parser.php(320): RocketTheme\Toolbox\Compat\Yaml\Parser->doParse('#', false, false, false)
#3 /home/aozfgkeb/public_html/drivingschoolnorbury.com/land/vendor/rockettheme/toolbox/Compat/src/Yaml/Parser.php(246): RocketTheme\Toolbox\Compat\Yam in /home/aozfgkeb/public_html/drivingschoolnorbury.com/land/system/src/Grav/Common/File/CompiledFile.php on line 81
[17-Jun-2020 01:44:49 UTC] PHP Fatal error:  Uncaught RocketTheme\Toolbox\Compat\Yaml\Exception\ParseException: Unexpected characters near """ at line 41 (near "twitter_url: "#"""). in /home/aozfgkeb/public_html/drivingschoolnorbury.com/land/vendor/rockettheme/toolbox/Compat/src/Yaml/Inline.php:75
Stack trace:
#0 /home/aozfgkeb/public_html/drivingschoolnorbury.com/land/vendor/rockettheme/toolbox/Compat/src/Yaml/Parser.php(536): RocketTheme\Toolbox\Compat\Yaml\Inline::parse('"#""', false, false, false, Array)
#1 /home/aozfgkeb/public_html/drivingschoolnorbury.com/land/vendor/rockettheme/toolbox/Compat/src/Yaml/Parser.php(258): RocketTheme\Toolbox\Compat\Yaml\Parser->parseValue('"#""', false, false, false, 'mapping')
#2 /home/aozfgkeb/public_html/drivingschoolnorbury.com/land/vendor/rockettheme/toolbox/Compat/src/Yaml/Parser.php(320): RocketTheme\Toolbox\Compat\Yaml\Parser->doParse('#', false, false, false)
#3 /home/aozfgkeb/public_html/drivingschoolnorbury.com/land/vendor/rockettheme/toolbox/Compat/src/Yaml/Parser.php(246): RocketTheme\Toolbox\Compat\Yam in /home/aozfgkeb/public_html/drivingschoolnorbury.com/land/system/src/Grav/Common/File/CompiledFile.php on line 81
[17-Jun-2020 01:44:50 UTC] PHP Fatal error:  Uncaught RocketTheme\Toolbox\Compat\Yaml\Exception\ParseException: Unexpected characters near """ at line 41 (near "twitter_url: "#"""). in /home/aozfgkeb/public_html/drivingschoolnorbury.com/land/vendor/rockettheme/toolbox/Compat/src/Yaml/Inline.php:75
Stack trace:
#0 /home/aozfgkeb/public_html/drivingschoolnorbury.com/land/vendor/rockettheme/toolbox/Compat/src/Yaml/Parser.php(536): RocketTheme\Toolbox\Compat\Yaml\Inline::parse('"#""', false, false, false, Array)
#1 /home/aozfgkeb/public_html/drivingschoolnorbury.com/land/vendor/rockettheme/toolbox/Compat/src/Yaml/Parser.php(258): RocketTheme\Toolbox\Compat\Yaml\Parser->parseValue('"#""', false, false, false, 'mapping')
#2 /home/aozfgkeb/public_html/drivingschoolnorbury.com/land/vendor/rockettheme/toolbox/Compat/src/Yaml/Parser.php(320): RocketTheme\Toolbox\Compat\Yaml\Parser->doParse('#', false, false, false)
#3 /home/aozfgkeb/public_html/drivingschoolnorbury.com/land/vendor/rockettheme/toolbox/Compat/src/Yaml/Parser.php(246): RocketTheme\Toolbox\Compat\Yam in /home/aozfgkeb/public_html/drivingschoolnorbury.com/land/system/src/Grav/Common/File/CompiledFile.php on line 81
[17-Jun-2020 01:44:59 UTC] PHP Fatal error:  Uncaught RocketTheme\Toolbox\Compat\Yaml\Exception\ParseException: Unexpected characters near """ at line 41 (near "twitter_url: "#"""). in /home/aozfgkeb/public_html/drivingschoolnorbury.com/land/vendor/rockettheme/toolbox/Compat/src/Yaml/Inline.php:75
Stack trace:
#0 /home/aozfgkeb/public_html/drivingschoolnorbury.com/land/vendor/rockettheme/toolbox/Compat/src/Yaml/Parser.php(536): RocketTheme\Toolbox\Compat\Yaml\Inline::parse('"#""', false, false, false, Array)
#1 /home/aozfgkeb/public_html/drivingschoolnorbury.com/land/vendor/rockettheme/toolbox/Compat/src/Yaml/Parser.php(258): RocketTheme\Toolbox\Compat\Yaml\Parser->parseValue('"#""', false, false, false, 'mapping')
#2 /home/aozfgkeb/public_html/drivingschoolnorbury.com/land/vendor/rockettheme/toolbox/Compat/src/Yaml/Parser.php(320): RocketTheme\Toolbox\Compat\Yaml\Parser->doParse('#', false, false, false)
#3 /home/aozfgkeb/public_html/drivingschoolnorbury.com/land/vendor/rockettheme/toolbox/Compat/src/Yaml/Parser.php(246): RocketTheme\Toolbox\Compat\Yam in /home/aozfgkeb/public_html/drivingschoolnorbury.com/land/system/src/Grav/Common/File/CompiledFile.php on line 81
